<?xml version="1.0" encoding="UTF-8"?>
<testng-results skipped="0" failed="1" total="6" passed="5">
  <reporter-output>
  </reporter-output>
  <suite name="Hub spot Test regression suite" duration-ms="25822" started-at="2020-06-29T15:01:22Z" finished-at="2020-06-29T15:01:48Z">
    <groups>
    </groups>
    <test name="login page test" duration-ms="20929" started-at="2020-06-29T15:01:22Z" finished-at="2020-06-29T15:01:43Z">
      <class name="com.qa.hubspot.tests.LoginPageTest">
        <test-method status="PASS" signature="setUp()[pri:0, instance:com.qa.hubspot.tests.LoginPageTest@19bb089b]" name="setUp" is-config="true" duration-ms="10983" started-at="2020-06-29T20:31:22Z" finished-at="2020-06-29T20:31:33Z">
          <reporter-output>
          </reporter-output>
        </test-method> <!-- setUp -->
        <test-method status="PASS" signature="verifySignUplinkTest()[pri:1, instance:com.qa.hubspot.tests.LoginPageTest@19bb089b]" name="verifySignUplinkTest" duration-ms="7227" started-at="2020-06-29T20:31:34Z" finished-at="2020-06-29T20:31:41Z">
          <reporter-output>
          </reporter-output>
        </test-method> <!-- verifySignUplinkTest -->
        <test-method status="PASS" signature="verifyLoginPageTitleTest()[pri:2, instance:com.qa.hubspot.tests.LoginPageTest@19bb089b]" name="verifyLoginPageTitleTest" duration-ms="6" started-at="2020-06-29T20:31:41Z" finished-at="2020-06-29T20:31:41Z">
          <reporter-output>
          </reporter-output>
        </test-method> <!-- verifyLoginPageTitleTest -->
        <test-method status="PASS" signature="verifyDoLogin()[pri:3, instance:com.qa.hubspot.tests.LoginPageTest@19bb089b]" name="verifyDoLogin" duration-ms="1579" started-at="2020-06-29T20:31:41Z" finished-at="2020-06-29T20:31:42Z">
          <reporter-output>
          </reporter-output>
        </test-method> <!-- verifyDoLogin -->
        <test-method status="PASS" signature="quit()[pri:0, instance:com.qa.hubspot.tests.LoginPageTest@19bb089b]" name="quit" is-config="true" duration-ms="1036" started-at="2020-06-29T20:31:42Z" finished-at="2020-06-29T20:31:43Z">
          <reporter-output>
          </reporter-output>
        </test-method> <!-- quit -->
      </class> <!-- com.qa.hubspot.tests.LoginPageTest -->
    </test> <!-- login page test -->
    <test name="home page test" duration-ms="25822" started-at="2020-06-29T15:01:22Z" finished-at="2020-06-29T15:01:48Z">
      <class name="com.qa.hubspot.tests.HomePageTest">
        <test-method status="PASS" signature="setUp()[pri:0, instance:com.qa.hubspot.tests.HomePageTest@2752f6e2]" name="setUp" is-config="true" duration-ms="11058" started-at="2020-06-29T20:31:22Z" finished-at="2020-06-29T20:31:34Z">
          <reporter-output>
          </reporter-output>
        </test-method> <!-- setUp -->
        <test-method status="PASS" signature="homePageSetup()[pri:0, instance:com.qa.hubspot.tests.HomePageTest@2752f6e2]" name="homePageSetup" is-config="true" duration-ms="8617" started-at="2020-06-29T20:31:34Z" finished-at="2020-06-29T20:31:42Z">
          <reporter-output>
          </reporter-output>
        </test-method> <!-- homePageSetup -->
        <test-method status="PASS" signature="verifygetHomePageHeaderTest()[pri:1, instance:com.qa.hubspot.tests.HomePageTest@2752f6e2]" name="verifygetHomePageHeaderTest" duration-ms="5251" started-at="2020-06-29T20:31:42Z" finished-at="2020-06-29T20:31:47Z">
          <reporter-output>
          </reporter-output>
        </test-method> <!-- verifygetHomePageHeaderTest -->
        <test-method status="FAIL" signature="verifyLoggedinUserTest()[pri:2, instance:com.qa.hubspot.tests.HomePageTest@2752f6e2]" name="verifyLoggedinUserTest" duration-ms="41" started-at="2020-06-29T20:31:47Z" finished-at="2020-06-29T20:31:47Z">
          <exception class="java.lang.AssertionError">
            <message>
              <![CDATA[Logged in user is matched expected [ArjunTest Company] but found [null]]]>
            </message>
            <full-stacktrace>
              <![CDATA[java.lang.AssertionError: Logged in user is matched expected [ArjunTest Company] but found [null]
	at org.testng.Assert.fail(Assert.java:94)
	at org.testng.Assert.failNotEquals(Assert.java:513)
	at org.testng.Assert.assertEqualsImpl(Assert.java:130)
	at org.testng.Assert.assertEquals(Assert.java:116)
	at org.testng.Assert.assertEquals(Assert.java:190)
	at com.qa.hubspot.tests.HomePageTest.verifyLoggedinUserTest(HomePageTest.java:35)
	at sun.reflect.NativeMethodAccessorImpl.invoke0(Native Method)
	at sun.reflect.NativeMethodAccessorImpl.invoke(Unknown Source)
	at sun.reflect.DelegatingMethodAccessorImpl.invoke(Unknown Source)
	at java.lang.reflect.Method.invoke(Unknown Source)
	at org.testng.internal.MethodInvocationHelper.invokeMethod(MethodInvocationHelper.java:86)
	at org.testng.internal.Invoker.invokeMethod(Invoker.java:645)
	at org.testng.internal.Invoker.invokeTestMethod(Invoker.java:822)
	at org.testng.internal.Invoker.invokeTestMethods(Invoker.java:1130)
	at org.testng.internal.TestMethodWorker.invokeTestMethods(TestMethodWorker.java:129)
	at org.testng.internal.TestMethodWorker.run(TestMethodWorker.java:112)
	at org.testng.TestRunner.privateRun(TestRunner.java:782)
	at org.testng.TestRunner.run(TestRunner.java:632)
	at org.testng.SuiteRunner.runTest(SuiteRunner.java:366)
	at org.testng.SuiteRunner.access$000(SuiteRunner.java:39)
	at org.testng.SuiteRunner$SuiteWorker.run(SuiteRunner.java:400)
	at org.testng.internal.thread.ThreadUtil$2.call(ThreadUtil.java:64)
	at java.util.concurrent.FutureTask.run(Unknown Source)
	at java.util.concurrent.ThreadPoolExecutor.runWorker(Unknown Source)
	at java.util.concurrent.ThreadPoolExecutor$Worker.run(Unknown Source)
	at java.lang.Thread.run(Unknown Source)
]]>
            </full-stacktrace>
          </exception> <!-- java.lang.AssertionError -->
          <reporter-output>
          </reporter-output>
        </test-method> <!-- verifyLoggedinUserTest -->
        <test-method status="PASS" signature="verifyhomePageTitleTest()[pri:3, instance:com.qa.hubspot.tests.HomePageTest@2752f6e2]" name="verifyhomePageTitleTest" duration-ms="11" started-at="2020-06-29T20:31:47Z" finished-at="2020-06-29T20:31:47Z">
          <reporter-output>
          </reporter-output>
        </test-method> <!-- verifyhomePageTitleTest -->
        <test-method status="PASS" signature="quit()[pri:0, instance:com.qa.hubspot.tests.HomePageTest@2752f6e2]" name="quit" is-config="true" duration-ms="832" started-at="2020-06-29T20:31:47Z" finished-at="2020-06-29T20:31:48Z">
          <reporter-output>
          </reporter-output>
        </test-method> <!-- quit -->
      </class> <!-- com.qa.hubspot.tests.HomePageTest -->
    </test> <!-- home page test -->
  </suite> <!-- Hub spot Test regression suite -->
</testng-results>
